<?xml version="1.0" encoding="UTF-8"?>
<!-- Generated by org.testng.reporters.JUnitXMLReporter -->
<testsuite ignored="0" hostname="WKWZTBxxBiYFfi3" failures="1" tests="4" name="Command line test" time="0.034" errors="0" timestamp="2022-11-23T15:30:43 IST">
  <testcase classname="DayThree.MyFisrtTestNGTest" name="createAccont" time="0.003"/>
  <testcase classname="DayThree.MyFisrtTestNGTest" name="deleteAccount" time="0.0"/>
  <testcase classname="DayThree.MyFisrtTestNGTest" name="logOutFromAccount" time="0.0"/>
  <testcase classname="DayThree.MyFisrtTestNGTest" name="login" time="0.003">
    <failure type="java.lang.AssertionError" message="expected [true] but found [false]">
      <![CDATA[java.lang.AssertionError: expected [true] but found [false]
at DayThree.MyFisrtTestNGTest.login(MyFisrtTestNGTest.java:10)
at java.base/java.util.ArrayList.forEach(ArrayList.java:1541)
... Removed 40 stack frames]]>
    </failure>
  </testcase> <!-- login -->
</testsuite> <!-- Command line test -->
